<?xml version="1.0" encoding="UTF-8"?>
<!-- Generated by org.testng.reporters.JUnitReportReporter -->
<testsuite hostname="Sangeetha" failures="0" tests="7" name="testRunner.testExecution$TestRunner" time="4.302" errors="0" timestamp="2024-10-28T22:42:38 EDT" skipped="0">
  <testcase classname="testRunner.testExecution$TestRunner" name="runScenario" time="0.162"/>
  <testcase classname="testRunner.testExecution$TestRunner" name="runScenario" time="3.602"/>
  <testcase classname="testRunner.testExecution$TestRunner" name="runScenario" time="0.087"/>
  <testcase classname="testRunner.testExecution$TestRunner" name="runScenario" time="0.080"/>
  <testcase classname="testRunner.testExecution$TestRunner" name="runScenario" time="0.073"/>
  <testcase classname="testRunner.testExecution$TestRunner" name="runScenario" time="0.150"/>
  <testcase classname="testRunner.testExecution$TestRunner" name="runScenario" time="0.148"/>
</testsuite> <!-- testRunner.testExecution$TestRunner -->
