<?xml version="1.0" encoding="UTF-8"?>
<!-- Generated by org.testng.reporters.JUnitReportReporter -->
<testsuite hostname="LAPTOP-P2QE43U4" failures="0" tests="5" name="testRunner.testExecution" time="68.401" errors="0" timestamp="2024-10-24T10:22:53 CDT" skipped="0">
  <testcase classname="testRunner.testExecution" name="runScenario" time="13.684"/>
  <testcase classname="testRunner.testExecution" name="runScenario" time="13.783"/>
  <testcase classname="testRunner.testExecution" name="runScenario" time="13.608"/>
  <testcase classname="testRunner.testExecution" name="runScenario" time="13.718"/>
  <testcase classname="testRunner.testExecution" name="runScenario" time="13.608"/>
</testsuite> <!-- testRunner.testExecution -->
